Determining if the pthread_create exist failed with the following output:
Change Dir: /root/ali_ws/apriltag_new/apriltag/build/CMakeFiles/CMakeTmp

Run Build Command:"/usr/bin/make" "cmTC_6176a/fast"
/usr/bin/make -f CMakeFiles/cmTC_6176a.dir/build.make CMakeFiles/cmTC_6176a.dir/build
make[1]: Entering directory '/root/ali_ws/apriltag_new/apriltag/build/CMakeFiles/CMakeTmp'
Building C object CMakeFiles/cmTC_6176a.dir/CheckSymbolExists.c.o
/usr/bin/cc    -o CMakeFiles/cmTC_6176a.dir/CheckSymbolExists.c.o   -c /root/ali_ws/apriltag_new/apriltag/build/CMakeFiles/CMakeTmp/CheckSymbolExists.c
Linking C executable cmTC_6176a
/usr/bin/cmake -E cmake_link_script CMakeFiles/cmTC_6176a.dir/link.txt --verbose=1
/usr/bin/cc      -rdynamic CMakeFiles/cmTC_6176a.dir/CheckSymbolExists.c.o  -o cmTC_6176a 
/usr/bin/ld: CMakeFiles/cmTC_6176a.dir/CheckSymbolExists.c.o: in function `main':
CheckSymbolExists.c:(.text+0x38): undefined reference to `pthread_create'
collect2: error: ld returned 1 exit status
make[1]: *** [CMakeFiles/cmTC_6176a.dir/build.make:87: cmTC_6176a] Error 1
make[1]: Leaving directory '/root/ali_ws/apriltag_new/apriltag/build/CMakeFiles/CMakeTmp'
make: *** [Makefile:121: cmTC_6176a/fast] Error 2

File /root/ali_ws/apriltag_new/apriltag/build/CMakeFiles/CMakeTmp/CheckSymbolExists.c:
/* */
#include <pthread.h>

int main(int argc, char** argv)
{
  (void)argv;
#ifndef pthread_create
  return ((int*)(&pthread_create))[argc];
#else
  (void)argc;
  return 0;
#endif
}

Determining if the function pthread_create exists in the pthreads failed with the following output:
Change Dir: /root/ali_ws/apriltag_new/apriltag/build/CMakeFiles/CMakeTmp

Run Build Command:"/usr/bin/make" "cmTC_000b9/fast"
/usr/bin/make -f CMakeFiles/cmTC_000b9.dir/build.make CMakeFiles/cmTC_000b9.dir/build
make[1]: Entering directory '/root/ali_ws/apriltag_new/apriltag/build/CMakeFiles/CMakeTmp'
Building C object CMakeFiles/cmTC_000b9.dir/CheckFunctionExists.c.o
/usr/bin/cc   -DCHECK_FUNCTION_EXISTS=pthread_create   -o CMakeFiles/cmTC_000b9.dir/CheckFunctionExists.c.o   -c /usr/share/cmake-3.13/Modules/CheckFunctionExists.c
Linking C executable cmTC_000b9
/usr/bin/cmake -E cmake_link_script CMakeFiles/cmTC_000b9.dir/link.txt --verbose=1
/usr/bin/cc  -DCHECK_FUNCTION_EXISTS=pthread_create    -rdynamic CMakeFiles/cmTC_000b9.dir/CheckFunctionExists.c.o  -o cmTC_000b9 -lpthreads 
/usr/bin/ld: cannot find -lpthreads
collect2: error: ld returned 1 exit status
make[1]: *** [CMakeFiles/cmTC_000b9.dir/build.make:87: cmTC_000b9] Error 1
make[1]: Leaving directory '/root/ali_ws/apriltag_new/apriltag/build/CMakeFiles/CMakeTmp'
make: *** [Makefile:121: cmTC_000b9/fast] Error 2


